<?xml version="1.0" encoding="UTF-8"?>
<!-- Generated by org.testng.reporters.JUnitReportReporter -->
<testsuite skipped="0" hostname="DESKTOP-IVS135V" name="Roughwork.Example1" tests="3" failures="0" timestamp="08 Feb 2019 06:26:47 GMT" time="37.134" errors="0">
  <testcase name="verifyLogin" time="8.307" classname="Roughwork.Example1"/>
  <testcase name="editEmp" time="6.312" classname="Roughwork.Example1"/>
  <testcase name="addEmp" time="22.515" classname="Roughwork.Example1"/>
</testsuite> <!-- Roughwork.Example1 -->
