<?xml version="1.0" encoding="UTF-8"?>
<!-- Generated by org.testng.reporters.JUnitReportReporter -->
<testsuite skipped="0" hostname="DESKTOP-IVS135V" name="Roughwork.Example3" tests="1" failures="0" timestamp="08 Feb 2019 06:26:47 GMT" time="0.004" errors="0">
  <testcase name="hello" time="0.004" classname="Roughwork.Example3"/>
</testsuite> <!-- Roughwork.Example3 -->
