<?xml version="1.0" encoding="UTF-8"?>
<!-- Generated by org.testng.reporters.JUnitReportReporter -->
<testsuite skipped="3" hostname="DESKTOP-IVS135V" name="Roughwork.TestNGParam" tests="3" failures="0" timestamp="10 Feb 2019 05:22:03 GMT" time="0.000" errors="0">
  <testcase name="verifyLogin" time="0.000" classname="Roughwork.TestNGParam">
    <skipped/>
  </testcase> <!-- verifyLogin -->
  <testcase name="editEmp" time="0.000" classname="Roughwork.TestNGParam">
    <skipped/>
  </testcase> <!-- editEmp -->
  <testcase name="addEmp" time="0.000" classname="Roughwork.TestNGParam">
    <skipped/>
  </testcase> <!-- addEmp -->
</testsuite> <!-- Roughwork.TestNGParam -->
