<?xml version="1.0" encoding="UTF-8"?>
<!-- Generated by org.testng.reporters.JUnitReportReporter -->
<testsuite skipped="0" hostname="DESKTOP-IVS135V" name="POM_OWN.Verifylogin" tests="1" failures="0" timestamp="15 Feb 2019 07:56:19 GMT" time="6.812" errors="0">
  <testcase name="loginuser" time="6.812" classname="POM_OWN.Verifylogin"/>
</testsuite> <!-- POM_OWN.Verifylogin -->
