<?xml version="1.0" encoding="UTF-8"?>
<!-- Generated by org.testng.reporters.JUnitReportReporter -->
<testsuite skipped="0" hostname="DESKTOP-IVS135V" name="dayten.Example1" tests="3" failures="0" timestamp="07 Feb 2019 11:04:26 GMT" time="38.653" errors="0">
  <testcase name="editEmp" time="6.181" classname="dayten.Example1"/>
  <testcase name="verifyLogin" time="6.279" classname="dayten.Example1"/>
  <testcase name="addEmp" time="26.193" classname="dayten.Example1"/>
</testsuite> <!-- dayten.Example1 -->
